\BOOKMARK [1][-]{section.1}{Technische Daten}{}% 1
\BOOKMARK [1][-]{section.2}{Allgemeine Sicherheitshinweise}{}% 2
\BOOKMARK [1][-]{section.3}{Pers\366nliche Schutzausr\374stung}{}% 3
\BOOKMARK [1][-]{section.4}{Bestimmungsgem\344\337e Verwendung}{}% 4
\BOOKMARK [1][-]{section.5}{Inbetriebnahme}{}% 5
\BOOKMARK [2][-]{subsection.5.1}{Aufstellend der Maschine}{section.5}% 6
\BOOKMARK [2][-]{subsection.5.2}{S\344geblattschutz}{section.5}% 7
\BOOKMARK [1][-]{section.6}{Einstellungen}{}% 8
\BOOKMARK [2][-]{subsection.6.1}{H\366henverstellung des S\344geblattes}{section.6}% 9
\BOOKMARK [2][-]{subsection.6.2}{Verstellen der S\344geblattneigung}{section.6}% 10
\BOOKMARK [3][-]{subsubsection.6.2.1}{Ausziehen des S\344getisches}{subsection.6.2}% 11
\BOOKMARK [2][-]{subsection.6.3}{S\344geblatt w\344hlen}{section.6}% 12
\BOOKMARK [2][-]{subsection.6.4}{Wechsel des S\344geblattes}{section.6}% 13
\BOOKMARK [1][-]{section.7}{Arbeiten mit einer Tischkreiss\344ge}{}% 14
\BOOKMARK [2][-]{subsection.7.1}{L\344ngsanschl\344ge}{section.7}% 15
\BOOKMARK [3][-]{subsubsection.7.1.1}{Einsetzen und Entnehmen}{subsection.7.1}% 16
\BOOKMARK [3][-]{subsubsection.7.1.2}{Einstellen des L\344ngsanschlags}{subsection.7.1}% 17
\BOOKMARK [2][-]{subsection.7.2}{Hilfsanschlag}{section.7}% 18
\BOOKMARK [2][-]{subsection.7.3}{Winkelanschlag}{section.7}% 19
\BOOKMARK [1][-]{section.8}{Quellen und Rechte}{}% 20
